<?xml version="1.0" encoding="UTF-8"?>
<!-- Generated by org.testng.reporters.JUnitXMLReporter -->
<testsuite hostname="DESKTOP-B4V0BU4" ignored="0" name="Sample Test" tests="4" failures="0" timestamp="23 Apr 2018 06:22:00 GMT" time="0.107" errors="0">
  <testcase name="testOne" time="0.008" classname="com.pack.one.TestA"/>
  <testcase name="testTwo" time="0.008" classname="com.pack.one.TestA"/>
  <testcase name="testOne" time="0.009" classname="com.pack.two.TestB"/>
  <testcase name="testTwo" time="0.006" classname="com.pack.two.TestB"/>
</testsuite> <!-- Sample Test -->
