<?xml version="1.0" encoding="UTF-8"?>
<testng-results skipped="0" failed="0" ignored="0" total="4" passed="4">
  <reporter-output>
  </reporter-output>
  <suite name="Sample Test Suite" duration-ms="107" started-at="2018-04-23T06:22:00Z" finished-at="2018-04-23T06:22:00Z">
    <groups>
    </groups>
    <test name="Sample Test" duration-ms="107" started-at="2018-04-23T06:22:00Z" finished-at="2018-04-23T06:22:00Z">
      <class name="com.pack.two.TestB">
        <test-method status="PASS" signature="setUp()[pri:0, instance:com.pack.two.TestB@9629756]" name="setUp" is-config="true" duration-ms="0" started-at="2018-04-23T06:22:00Z" finished-at="2018-04-23T06:22:00Z">
          <reporter-output>
          </reporter-output>
        </test-method> <!-- setUp -->
        <test-method status="PASS" signature="testOne()[pri:0, instance:com.pack.two.TestB@9629756]" name="testOne" duration-ms="9" started-at="2018-04-23T06:22:00Z" finished-at="2018-04-23T06:22:00Z">
          <reporter-output>
          </reporter-output>
        </test-method> <!-- testOne -->
        <test-method status="PASS" signature="testTwo()[pri:0, instance:com.pack.two.TestB@9629756]" name="testTwo" duration-ms="6" started-at="2018-04-23T06:22:00Z" finished-at="2018-04-23T06:22:00Z">
          <reporter-output>
          </reporter-output>
        </test-method> <!-- testTwo -->
        <test-method status="PASS" signature="tearDown()[pri:0, instance:com.pack.two.TestB@9629756]" name="tearDown" is-config="true" duration-ms="1" started-at="2018-04-23T06:22:00Z" finished-at="2018-04-23T06:22:00Z">
          <reporter-output>
          </reporter-output>
        </test-method> <!-- tearDown -->
      </class> <!-- com.pack.two.TestB -->
      <class name="com.pack.one.TestA">
        <test-method status="PASS" signature="setUp()[pri:0, instance:com.pack.one.TestA@7f9a81e8]" name="setUp" is-config="true" duration-ms="16" started-at="2018-04-23T06:22:00Z" finished-at="2018-04-23T06:22:00Z">
          <reporter-output>
          </reporter-output>
        </test-method> <!-- setUp -->
        <test-method status="PASS" signature="testOne()[pri:0, instance:com.pack.one.TestA@7f9a81e8]" name="testOne" duration-ms="8" started-at="2018-04-23T06:22:00Z" finished-at="2018-04-23T06:22:00Z">
          <reporter-output>
          </reporter-output>
        </test-method> <!-- testOne -->
        <test-method status="PASS" signature="testTwo()[pri:0, instance:com.pack.one.TestA@7f9a81e8]" name="testTwo" duration-ms="8" started-at="2018-04-23T06:22:00Z" finished-at="2018-04-23T06:22:00Z">
          <reporter-output>
          </reporter-output>
        </test-method> <!-- testTwo -->
        <test-method status="PASS" signature="tearDown()[pri:0, instance:com.pack.one.TestA@7f9a81e8]" name="tearDown" is-config="true" duration-ms="1" started-at="2018-04-23T06:22:00Z" finished-at="2018-04-23T06:22:00Z">
          <reporter-output>
          </reporter-output>
        </test-method> <!-- tearDown -->
      </class> <!-- com.pack.one.TestA -->
    </test> <!-- Sample Test -->
  </suite> <!-- Sample Test Suite -->
</testng-results>
